<?xml version="1.0" encoding="UTF-8"?>
<testsuite name="org.example.UsuarioNegocioTest" tests="1" skipped="0" failures="0" errors="0" timestamp="2025-09-02T23:27:21" hostname="DESKTOP-ER3QQNK" time="3.758">
  <properties/>
  <testcase name="testRecuperarSenhaComDadosValidos_TC0018()" classname="org.example.UsuarioNegocioTest" time="3.758"/>
  <system-out><![CDATA[]]></system-out>
  <system-err><![CDATA[WARNING: A Java agent has been loaded dynamically (C:\Users\carolina pc\.gradle\caches\modules-2\files-2.1\net.bytebuddy\byte-buddy-agent\1.14.15\b4cc9d88d5de562bf75b3a54ab436ad01b3f72d\byte-buddy-agent-1.14.15.jar)
WARNING: If a serviceability tool is in use, please run with -XX:+EnableDynamicAgentLoading to hide this warning
WARNING: If a serviceability tool is not in use, please run with -Djdk.instrument.traceUsage for more information
WARNING: Dynamic loading of agents will be disallowed by default in a future release
]]></system-err>
</testsuite>
